http://svgtrick.com/ 网络请求超时了, 可能被墙了
http://tech.meituan.com/ 网络请求超时了, 可能被墙了
https://weekly.75team.com/ 网络请求失败 UNABLE_TO_VERIFY_LEAF_SIGNATURE unable to verify the first certificate
http://efe.baidu.com/ 网络请求失败 EPROTO write EPROTO 140735800148864:error:1408F10B:SSL routines:ssl3_get_record:wrong version number:../deps/openssl/openssl/ssl/record/ssl3_record.c:332:
https://codepen.io/ 网络请求失败 undefined Request failed with status code 403
http://caniuse.com/ 网络请求失败 EPROTO write EPROTO 140735800148864:error:1408F10B:SSL routines:ssl3_get_record:wrong version number:../deps/openssl/openssl/ssl/record/ssl3_record.c:332:
http://www.thinkphp.cn 网络请求失败 undefined Request failed with status code 503
https://leetcode.com/ 网络请求超时了, 可能被墙了
https://flutterchina.club/ 网络请求失败 ECONNRESET Client network socket disconnected before secure TLS connection was established
https://www.graphicstock.com/ 网络请求超时了, 可能被墙了
http://findicons.com/ 网络请求超时了, 可能被墙了
http://man.linuxde.net/ 网络请求超时了, 可能被墙了
https://mostly-adequate.gitbooks.io/mostly-adequate-guide/ 网络请求超时了, 可能被墙了
https://docs.docker.com/ 网络请求失败 ECONNRESET Client network socket disconnected before secure TLS connection was established
http://www.6aiq.com/ 网络请求超时了, 可能被墙了
https://www.reddit.com/r/MachineLearning/ 网络请求超时了, 可能被墙了
http://www.jianshu.com/ 网络请求超时了, 可能被墙了
https://ruby-china.org/sail 网络请求超时了, 可能被墙了
http://www.imooc.com/ 网络请求超时了, 可能被墙了
http://www.csdn.net/ 网络请求超时了, 可能被墙了
https://www.coursera.org/ 网络请求超时了, 可能被墙了
http://www.ituring.com.cn/ 网络请求失败 EPROTO write EPROTO 140735800148864:error:1408F10B:SSL routines:ssl3_get_record:wrong version number:../deps/openssl/openssl/ssl/record/ssl3_record.c:332:
http://yanhaijing.com/ 网络请求超时了, 可能被墙了
http://ideazhao.com/ 网络请求超时了, 可能被墙了
https://www.phodal.com/ 网络请求超时了, 可能被墙了
https://lutaonan.com/ 网络请求超时了, 可能被墙了
http://www.soulteary.com/ 网络请求超时了, 可能被墙了
http://www.liaoxuefeng.com/ 网络请求超时了, 可能被墙了
http://evilcos.me/ 网络请求超时了, 可能被墙了
http://www.cnblogs.com/coco1s 网络请求超时了, 可能被墙了
https://j11y.io/ 网络请求失败 UNABLE_TO_VERIFY_LEAF_SIGNATURE unable to verify the first certificate
http://www.tangshuang.net/ 网络请求失败 EPROTO write EPROTO 140735800148864:error:1408F10B:SSL routines:ssl3_get_record:wrong version number:../deps/openssl/openssl/ssl/record/ssl3_record.c:332:
http://zhangwenli.com/ 网络请求超时了, 可能被墙了
http://blog.huangz.me/ 网络请求超时了, 可能被墙了
https://overreacted.io/ 网络请求超时了, 可能被墙了
http://www.ayqy.net/blog/ 网络请求超时了, 可能被墙了
https://gitai.me/ 网络请求超时了, 可能被墙了
https://ixyzero.com/blog/ 网络请求超时了, 可能被墙了
https://farer.org/ 网络请求超时了, 可能被墙了
http://naotu.baidu.com/ 网络请求失败 EPROTO write EPROTO 140735800148864:error:1408F10B:SSL routines:ssl3_get_record:wrong version number:../deps/openssl/openssl/ssl/record/ssl3_record.c:332:
http://app.xunjiepdf.com/ 网络请求超时了, 可能被墙了
http://www.dashangcloud.com/static/ds.js 网络请求超时了, 可能被墙了
